d:\user data\works\프로그래밍\openlr2\openlr2\openlr2_vs22\skineditor\sdl3\visualc\sdl\win32\release\sdl3.pch
d:\user data\works\프로그래밍\openlr2\openlr2\openlr2_vs22\skineditor\sdl3\visualc\sdl\win32\release\vc143.pdb
d:\user data\works\프로그래밍\openlr2\openlr2\openlr2_vs22\skineditor\sdl3\visualc\sdl\win32\release\pch.obj
d:\user data\works\프로그래밍\openlr2\openlr2\openlr2_vs22\skineditor\sdl3\visualc\sdl\win32\release\sdl_camera_dummy.obj
d:\user data\works\프로그래밍\openlr2\openlr2\openlr2_vs22\skineditor\sdl3\visualc\sdl\win32\release\sdl_asyncio.obj
d:\user data\works\프로그래밍\openlr2\openlr2\openlr2_vs22\skineditor\sdl3\visualc\sdl\win32\release\sdl_shaders_vulkan.obj
d:\user data\works\프로그래밍\openlr2\openlr2\openlr2_vs22\skineditor\sdl3\visualc\sdl\win32\release\sdl_directsound.obj
d:\user data\works\프로그래밍\openlr2\openlr2\openlr2_vs22\skineditor\sdl3\visualc\sdl\win32\release\sdl_clipboardevents.obj
d:\user data\works\프로그래밍\openlr2\openlr2\openlr2_vs22\skineditor\sdl3\visualc\sdl\win32\release\sdl_eventwatch.obj
d:\user data\works\프로그래밍\openlr2\openlr2\openlr2_vs22\skineditor\sdl3\visualc\sdl\win32\release\sdl_quit.obj
d:\user data\works\프로그래밍\openlr2\openlr2\openlr2_vs22\skineditor\sdl3\visualc\sdl\win32\release\sdl_iostream.obj
d:\user data\works\프로그래밍\openlr2\openlr2\openlr2_vs22\skineditor\sdl3\visualc\sdl\win32\release\sdl_hidapi_ps3.obj
d:\user data\works\프로그래밍\openlr2\openlr2\openlr2_vs22\skineditor\sdl3\visualc\sdl\win32\release\sdl_hidapi_shield.obj
d:\user data\works\프로그래밍\openlr2\openlr2\openlr2_vs22\skineditor\sdl3\visualc\sdl\win32\release\sdl_hidapi_steam.obj
d:\user data\works\프로그래밍\openlr2\openlr2\openlr2_vs22\skineditor\sdl3\visualc\sdl\win32\release\sdl_gamepad.obj
d:\user data\works\프로그래밍\openlr2\openlr2\openlr2_vs22\skineditor\sdl3\visualc\sdl\win32\release\sdl_locale.obj
d:\user data\works\프로그래밍\openlr2\openlr2\openlr2_vs22\skineditor\sdl3\visualc\sdl\win32\release\sdl_syspower.obj
d:\user data\works\프로그래밍\openlr2\openlr2\openlr2_vs22\skineditor\sdl3\visualc\sdl\win32\release\sdl_shaders_d3d12.obj
d:\user data\works\프로그래밍\openlr2\openlr2\openlr2_vs22\skineditor\sdl3\visualc\sdl\win32\release\sdl_rotate.obj
d:\user data\works\프로그래밍\openlr2\openlr2\openlr2_vs22\skineditor\sdl3\visualc\sdl\win32\release\sdl_log.obj
d:\user data\works\프로그래밍\openlr2\openlr2\openlr2_vs22\skineditor\sdl3\visualc\sdl\win32\release\sdl_stdlib.obj
d:\user data\works\프로그래밍\openlr2\openlr2\openlr2_vs22\skineditor\sdl3\visualc\sdl\win32\release\sdl_storage.obj
d:\user data\works\프로그래밍\openlr2\openlr2\openlr2_vs22\skineditor\sdl3\visualc\sdl\win32\release\sdl_syssem.obj
d:\user data\works\프로그래밍\openlr2\openlr2\openlr2_vs22\skineditor\sdl3\visualc\sdl\win32\release\sdl_blit_slow.obj
d:\user data\works\프로그래밍\openlr2\openlr2\openlr2_vs22\skineditor\sdl3\visualc\sdl\win32\release\sdl_windowsclipboard.obj
d:\user data\works\프로그래밍\openlr2\openlr2\openlr2_vs22\skineditor\sdl3\visualc\sdl\win32\release\sdl_windowsvulkan.obj
d:\user data\works\프로그래밍\openlr2\openlr2\openlr2_vs22\skineditor\sdl3\visualc\sdl\win32\release\sdl_gpu_vulkan.obj
d:\user data\works\프로그래밍\openlr2\openlr2\openlr2_vs22\skineditor\sdl3\visualc\sdl\win32\release\sdl_windows.obj
d:\user data\works\프로그래밍\openlr2\openlr2\openlr2_vs22\skineditor\sdl3\visualc\sdl\win32\release\sdl_gameinputjoystick.obj
d:\user data\works\프로그래밍\openlr2\openlr2\openlr2_vs22\skineditor\sdl3\visualc\sdl\win32\release\sdl_process.obj
d:\user data\works\프로그래밍\openlr2\openlr2\openlr2_vs22\skineditor\sdl3\visualc\sdl\win32\release\sdl_windowsprocess.obj
d:\user data\works\프로그래밍\openlr2\openlr2\openlr2_vs22\skineditor\sdl3\visualc\sdl\win32\release\sdl_shaders_gles2.obj
d:\user data\works\프로그래밍\openlr2\openlr2\openlr2_vs22\skineditor\sdl3\visualc\sdl\win32\release\sdl_d3dmath.obj
d:\user data\works\프로그래밍\openlr2\openlr2\openlr2_vs22\skineditor\sdl3\visualc\sdl\win32\release\sdl_render.obj
d:\user data\works\프로그래밍\openlr2\openlr2\openlr2_vs22\skineditor\sdl3\visualc\sdl\win32\release\sdl_assert.obj
d:\user data\works\프로그래밍\openlr2\openlr2\openlr2_vs22\skineditor\sdl3\visualc\sdl\win32\release\sdl_sensor.obj
d:\user data\works\프로그래밍\openlr2\openlr2\openlr2_vs22\skineditor\sdl3\visualc\sdl\win32\release\sdl_crc32.obj
d:\user data\works\프로그래밍\openlr2\openlr2\openlr2_vs22\skineditor\sdl3\visualc\sdl\win32\release\sdl_memcpy.obj
d:\user data\works\프로그래밍\openlr2\openlr2\openlr2_vs22\skineditor\sdl3\visualc\sdl\win32\release\sdl_mslibc.obj
d:\user data\works\프로그래밍\openlr2\openlr2\openlr2_vs22\skineditor\sdl3\visualc\sdl\win32\release\sdl_random.obj
d:\user data\works\프로그래밍\openlr2\openlr2\openlr2_vs22\skineditor\sdl3\visualc\sdl\win32\release\sdl_syscond.obj
d:\user data\works\프로그래밍\openlr2\openlr2\openlr2_vs22\skineditor\sdl3\visualc\sdl\win32\release\sdl_timer.obj
d:\user data\works\프로그래밍\openlr2\openlr2\openlr2_vs22\skineditor\sdl3\visualc\sdl\win32\release\sdl_blit_a.obj
d:\user data\works\프로그래밍\openlr2\openlr2\openlr2_vs22\skineditor\sdl3\visualc\sdl\win32\release\sdl_video.obj
d:\user data\works\프로그래밍\openlr2\openlr2\openlr2_vs22\skineditor\sdl3\visualc\sdl\win32\release\sdl_windowsopengles.obj
d:\user data\works\프로그래밍\openlr2\openlr2\openlr2_vs22\skineditor\sdl3\visualc\sdl\win32\release\sdl_camera_mediafoundation.obj
d:\user data\works\프로그래밍\openlr2\openlr2\openlr2_vs22\skineditor\sdl3\visualc\sdl\win32\release\sdl_categories.obj
d:\user data\works\프로그래밍\openlr2\openlr2\openlr2_vs22\skineditor\sdl3\visualc\sdl\win32\release\sdl_displayevents.obj
d:\user data\works\프로그래밍\openlr2\openlr2\openlr2_vs22\skineditor\sdl3\visualc\sdl\win32\release\sdl_events.obj
d:\user data\works\프로그래밍\openlr2\openlr2\openlr2_vs22\skineditor\sdl3\visualc\sdl\win32\release\sdl_hidapi_xbox360w.obj
d:\user data\works\프로그래밍\openlr2\openlr2\openlr2_vs22\skineditor\sdl3\visualc\sdl\win32\release\sdl_virtualjoystick.obj
d:\user data\works\프로그래밍\openlr2\openlr2\openlr2_vs22\skineditor\sdl3\visualc\sdl\win32\release\sdl_xinputjoystick.obj
d:\user data\works\프로그래밍\openlr2\openlr2\openlr2_vs22\skineditor\sdl3\visualc\sdl\win32\release\sdl_render_gl.obj
d:\user data\works\프로그래밍\openlr2\openlr2\openlr2_vs22\skineditor\sdl3\visualc\sdl\win32\release\sdl_blendfillrect.obj
d:\user data\works\프로그래밍\openlr2\openlr2\openlr2_vs22\skineditor\sdl3\visualc\sdl\win32\release\sdl_time.obj
d:\user data\works\프로그래밍\openlr2\openlr2\openlr2_vs22\skineditor\sdl3\visualc\sdl\win32\release\sdl_tray_utils.obj
d:\user data\works\프로그래밍\openlr2\openlr2\openlr2_vs22\skineditor\sdl3\visualc\sdl\win32\release\sdl_nullevents.obj
d:\user data\works\프로그래밍\openlr2\openlr2\openlr2_vs22\skineditor\sdl3\visualc\sdl\win32\release\sdl_offscreenevents.obj
d:\user data\works\프로그래밍\openlr2\openlr2\openlr2_vs22\skineditor\sdl3\visualc\sdl\win32\release\sdl_blit_0.obj
d:\user data\works\프로그래밍\openlr2\openlr2\openlr2_vs22\skineditor\sdl3\visualc\sdl\win32\release\sdl_fillrect.obj
d:\user data\works\프로그래밍\openlr2\openlr2\openlr2_vs22\skineditor\sdl3\visualc\sdl\win32\release\sdl_rleaccel.obj
d:\user data\works\프로그래밍\openlr2\openlr2\openlr2_vs22\skineditor\sdl3\visualc\sdl\win32\release\sdl_windowsopengl.obj
d:\user data\works\프로그래밍\openlr2\openlr2\openlr2_vs22\skineditor\sdl3\visualc\sdl\win32\release\sdl_dialog.obj
d:\user data\works\프로그래밍\openlr2\openlr2\openlr2_vs22\skineditor\sdl3\visualc\sdl\win32\release\sdl_main_callbacks.obj
d:\user data\works\프로그래밍\openlr2\openlr2\openlr2_vs22\skineditor\sdl3\visualc\sdl\win32\release\sdl_audio.obj
d:\user data\works\프로그래밍\openlr2\openlr2\openlr2_vs22\skineditor\sdl3\visualc\sdl\win32\release\sdl_cpuinfo.obj
d:\user data\works\프로그래밍\openlr2\openlr2\openlr2_vs22\skineditor\sdl3\visualc\sdl\win32\release\sdl_mouse.obj
d:\user data\works\프로그래밍\openlr2\openlr2\openlr2_vs22\skineditor\sdl3\visualc\sdl\win32\release\sdl_hidapi_ps4.obj
d:\user data\works\프로그래밍\openlr2\openlr2\openlr2_vs22\skineditor\sdl3\visualc\sdl\win32\release\sdl_hidapi_stadia.obj
d:\user data\works\프로그래밍\openlr2\openlr2\openlr2_vs22\skineditor\sdl3\visualc\sdl\win32\release\sdl_hidapi_steamdeck.obj
d:\user data\works\프로그래밍\openlr2\openlr2\openlr2_vs22\skineditor\sdl3\visualc\sdl\win32\release\sdl_joystick.obj
d:\user data\works\프로그래밍\openlr2\openlr2\openlr2_vs22\skineditor\sdl3\visualc\sdl\win32\release\sdl_url.obj
d:\user data\works\프로그래밍\openlr2\openlr2\openlr2_vs22\skineditor\sdl3\visualc\sdl\win32\release\sdl_power.obj
d:\user data\works\프로그래밍\openlr2\openlr2\openlr2_vs22\skineditor\sdl3\visualc\sdl\win32\release\sdl_shaders_d3d11.obj
d:\user data\works\프로그래밍\openlr2\openlr2\openlr2_vs22\skineditor\sdl3\visualc\sdl\win32\release\sdl_yuv_sw.obj
d:\user data\works\프로그래밍\openlr2\openlr2\openlr2_vs22\skineditor\sdl3\visualc\sdl\win32\release\sdl_drawpoint.obj
d:\user data\works\프로그래밍\openlr2\openlr2\openlr2_vs22\skineditor\sdl3\visualc\sdl\win32\release\sdl_hints.obj
d:\user data\works\프로그래밍\openlr2\openlr2\openlr2_vs22\skineditor\sdl3\visualc\sdl\win32\release\sdl_crc16.obj
d:\user data\works\프로그래밍\openlr2\openlr2\openlr2_vs22\skineditor\sdl3\visualc\sdl\win32\release\sdl_getenv.obj
d:\user data\works\프로그래밍\openlr2\openlr2\openlr2_vs22\skineditor\sdl3\visualc\sdl\win32\release\sdl_systls.obj
d:\user data\works\프로그래밍\openlr2\openlr2\openlr2_vs22\skineditor\sdl3\visualc\sdl\win32\release\sdl_offscreenframebuffer.obj
d:\user data\works\프로그래밍\openlr2\openlr2\openlr2_vs22\skineditor\sdl3\visualc\sdl\win32\release\sdl_offscreenvulkan.obj
d:\user data\works\프로그래밍\openlr2\openlr2\openlr2_vs22\skineditor\sdl3\visualc\sdl\win32\release\sdl_surface.obj
d:\user data\works\프로그래밍\openlr2\openlr2\openlr2_vs22\skineditor\sdl3\visualc\sdl\win32\release\sdl_windowsevents.obj
d:\user data\works\프로그래밍\openlr2\openlr2\openlr2_vs22\skineditor\sdl3\visualc\sdl\win32\release\sdl_gpu.obj
d:\user data\works\프로그래밍\openlr2\openlr2\openlr2_vs22\skineditor\sdl3\visualc\sdl\win32\release\sdl_dummyaudio.obj
d:\user data\works\프로그래밍\openlr2\openlr2\openlr2_vs22\skineditor\sdl3\visualc\sdl\win32\release\sdl_mixer.obj
d:\user data\works\프로그래밍\openlr2\openlr2\openlr2_vs22\skineditor\sdl3\visualc\sdl\win32\release\sdl_immdevice.obj
d:\user data\works\프로그래밍\openlr2\openlr2\openlr2_vs22\skineditor\sdl3\visualc\sdl\win32\release\sdl_hidapi.obj
d:\user data\works\프로그래밍\openlr2\openlr2\openlr2_vs22\skineditor\sdl3\visualc\sdl\win32\release\sdl_sysurl.obj
d:\user data\works\프로그래밍\openlr2\openlr2\openlr2_vs22\skineditor\sdl3\visualc\sdl\win32\release\sdl_render_d3d.obj
d:\user data\works\프로그래밍\openlr2\openlr2\openlr2_vs22\skineditor\sdl3\visualc\sdl\win32\release\sdl_blendpoint.obj
d:\user data\works\프로그래밍\openlr2\openlr2\openlr2_vs22\skineditor\sdl3\visualc\sdl\win32\release\sdl_triangle.obj
d:\user data\works\프로그래밍\openlr2\openlr2\openlr2_vs22\skineditor\sdl3\visualc\sdl\win32\release\sdl_qsort.obj
d:\user data\works\프로그래밍\openlr2\openlr2\openlr2_vs22\skineditor\sdl3\visualc\sdl\win32\release\sdl_genericstorage.obj
d:\user data\works\프로그래밍\openlr2\openlr2\openlr2_vs22\skineditor\sdl3\visualc\sdl\win32\release\sdl_sysmutex.obj
d:\user data\works\프로그래밍\openlr2\openlr2\openlr2_vs22\skineditor\sdl3\visualc\sdl\win32\release\sdl_nullvideo.obj
d:\user data\works\프로그래밍\openlr2\openlr2\openlr2_vs22\skineditor\sdl3\visualc\sdl\win32\release\sdl_blit_1.obj
d:\user data\works\프로그래밍\openlr2\openlr2\openlr2_vs22\skineditor\sdl3\visualc\sdl\win32\release\sdl_egl.obj
d:\user data\works\프로그래밍\openlr2\openlr2\openlr2_vs22\skineditor\sdl3\visualc\sdl\win32\release\sdl_windowsmodes.obj
d:\user data\works\프로그래밍\openlr2\openlr2\openlr2_vs22\skineditor\sdl3\visualc\sdl\win32\release\sdl_asyncio_windows_ioring.obj
d:\user data\works\프로그래밍\openlr2\openlr2\openlr2_vs22\skineditor\sdl3\visualc\sdl\win32\release\sdl_diskaudio.obj
d:\user data\works\프로그래밍\openlr2\openlr2\openlr2_vs22\skineditor\sdl3\visualc\sdl\win32\release\sdl_audiodev.obj
d:\user data\works\프로그래밍\openlr2\openlr2\openlr2_vs22\skineditor\sdl3\visualc\sdl\win32\release\sdl_wave.obj
d:\user data\works\프로그래밍\openlr2\openlr2\openlr2_vs22\skineditor\sdl3\visualc\sdl\win32\release\sdl_xinput.obj
d:\user data\works\프로그래밍\openlr2\openlr2\openlr2_vs22\skineditor\sdl3\visualc\sdl\win32\release\sdl_dropevents.obj
d:\user data\works\프로그래밍\openlr2\openlr2\openlr2_vs22\skineditor\sdl3\visualc\sdl\win32\release\sdl_keymap.obj
d:\user data\works\프로그래밍\openlr2\openlr2\openlr2_vs22\skineditor\sdl3\visualc\sdl\win32\release\sdl_windowevents.obj
d:\user data\works\프로그래밍\openlr2\openlr2\openlr2_vs22\skineditor\sdl3\visualc\sdl\win32\release\controller_type.obj
d:\user data\works\프로그래밍\openlr2\openlr2\openlr2_vs22\skineditor\sdl3\visualc\sdl\win32\release\sdl_hidapijoystick.obj
d:\user data\works\프로그래밍\openlr2\openlr2\openlr2_vs22\skineditor\sdl3\visualc\sdl\win32\release\sdl_hidapi_xbox360.obj
d:\user data\works\프로그래밍\openlr2\openlr2\openlr2_vs22\skineditor\sdl3\visualc\sdl\win32\release\sdl_dinputjoystick.obj
d:\user data\works\프로그래밍\openlr2\openlr2\openlr2_vs22\skineditor\sdl3\visualc\sdl\win32\release\sdl_render_gpu.obj
d:\user data\works\프로그래밍\openlr2\openlr2\openlr2_vs22\skineditor\sdl3\visualc\sdl\win32\release\sdl_shaders_gl.obj
d:\user data\works\프로그래밍\openlr2\openlr2\openlr2_vs22\skineditor\sdl3\visualc\sdl\win32\release\sdl_render_sw.obj
d:\user data\works\프로그래밍\openlr2\openlr2\openlr2_vs22\skineditor\sdl3\visualc\sdl\win32\release\sdl_hashtable.obj
d:\user data\works\프로그래밍\openlr2\openlr2\openlr2_vs22\skineditor\sdl3\visualc\sdl\win32\release\sdl_dummysensor.obj
d:\user data\works\프로그래밍\openlr2\openlr2\openlr2_vs22\skineditor\sdl3\visualc\sdl\win32\release\sdl_windowssensor.obj
d:\user data\works\프로그래밍\openlr2\openlr2\openlr2_vs22\skineditor\sdl3\visualc\sdl\win32\release\sdl_tray.obj
d:\user data\works\프로그래밍\openlr2\openlr2\openlr2_vs22\skineditor\sdl3\visualc\sdl\win32\release\sdl_blit_copy.obj
d:\user data\works\프로그래밍\openlr2\openlr2\openlr2_vs22\skineditor\sdl3\visualc\sdl\win32\release\sdl_pixels.obj
d:\user data\works\프로그래밍\openlr2\openlr2\openlr2_vs22\skineditor\sdl3\visualc\sdl\win32\release\sdl_video_unsupported.obj
d:\user data\works\프로그래밍\openlr2\openlr2\openlr2_vs22\skineditor\sdl3\visualc\sdl\win32\release\sdl_windowsframebuffer.obj
d:\user data\works\프로그래밍\openlr2\openlr2\openlr2_vs22\skineditor\sdl3\visualc\sdl\win32\release\sdl_windowsshape.obj
d:\user data\works\프로그래밍\openlr2\openlr2\openlr2_vs22\skineditor\sdl3\visualc\sdl\win32\release\sdl_gpu_d3d12.obj
d:\user data\works\프로그래밍\openlr2\openlr2\openlr2_vs22\skineditor\sdl3\visualc\sdl\win32\release\sdl_pen.obj
d:\user data\works\프로그래밍\openlr2\openlr2\openlr2_vs22\skineditor\sdl3\visualc\sdl\win32\release\sdl_sysfilesystem.obj
d:\user data\works\프로그래밍\openlr2\openlr2\openlr2_vs22\skineditor\sdl3\visualc\sdl\win32\release\sdl_sysloadso.obj
d:\user data\works\프로그래밍\openlr2\openlr2\openlr2_vs22\skineditor\sdl3\visualc\sdl\win32\release\sdl_pipeline_gpu.obj
d:\user data\works\프로그래밍\openlr2\openlr2\openlr2_vs22\skineditor\sdl3\visualc\sdl\win32\release\sdl_shaders_gpu.obj
d:\user data\works\프로그래밍\openlr2\openlr2\openlr2_vs22\skineditor\sdl3\visualc\sdl\win32\release\sdl_render_gles2.obj
d:\user data\works\프로그래밍\openlr2\openlr2\openlr2_vs22\skineditor\sdl3\visualc\sdl\win32\release\sdl_render_unsupported.obj
d:\user data\works\프로그래밍\openlr2\openlr2\openlr2_vs22\skineditor\sdl3\visualc\sdl\win32\release\sdl_drawline.obj
d:\user data\works\프로그래밍\openlr2\openlr2\openlr2_vs22\skineditor\sdl3\visualc\sdl\win32\release\sdl_list.obj
d:\user data\works\프로그래밍\openlr2\openlr2\openlr2_vs22\skineditor\sdl3\visualc\sdl\win32\release\sdl_iconv.obj
d:\user data\works\프로그래밍\openlr2\openlr2\openlr2_vs22\skineditor\sdl3\visualc\sdl\win32\release\sdl_steamstorage.obj
d:\user data\works\프로그래밍\openlr2\openlr2\openlr2_vs22\skineditor\sdl3\visualc\sdl\win32\release\sdl_thread.obj
d:\user data\works\프로그래밍\openlr2\openlr2\openlr2_vs22\skineditor\sdl3\visualc\sdl\win32\release\sdl_nullframebuffer.obj
d:\user data\works\프로그래밍\openlr2\openlr2\openlr2_vs22\skineditor\sdl3\visualc\sdl\win32\release\sdl_offscreenopengles.obj
d:\user data\works\프로그래밍\openlr2\openlr2\openlr2_vs22\skineditor\sdl3\visualc\sdl\win32\release\sdl_yuv.obj
d:\user data\works\프로그래밍\openlr2\openlr2\openlr2_vs22\skineditor\sdl3\visualc\sdl\win32\release\sdl_windowsmessagebox.obj
d:\user data\works\프로그래밍\openlr2\openlr2\openlr2_vs22\skineditor\sdl3\visualc\sdl\win32\release\yuv_rgb_sse.obj
d:\user data\works\프로그래밍\openlr2\openlr2\openlr2_vs22\skineditor\sdl3\visualc\sdl\win32\release\sdl_camera.obj
d:\user data\works\프로그래밍\openlr2\openlr2\openlr2_vs22\skineditor\sdl3\visualc\sdl\win32\release\sdl_audioqueue.obj
d:\user data\works\프로그래밍\openlr2\openlr2\openlr2_vs22\skineditor\sdl3\visualc\sdl\win32\release\sdl_gameinput.obj
d:\user data\works\프로그래밍\openlr2\openlr2\openlr2_vs22\skineditor\sdl3\visualc\sdl\win32\release\sdl_touch.obj
d:\user data\works\프로그래밍\openlr2\openlr2\openlr2_vs22\skineditor\sdl3\visualc\sdl\win32\release\sdl_haptic.obj
d:\user data\works\프로그래밍\openlr2\openlr2\openlr2_vs22\skineditor\sdl3\visualc\sdl\win32\release\sdl_sysjoystick.obj
d:\user data\works\프로그래밍\openlr2\openlr2\openlr2_vs22\skineditor\sdl3\visualc\sdl\win32\release\sdl_hidapi_combined.obj
d:\user data\works\프로그래밍\openlr2\openlr2\openlr2_vs22\skineditor\sdl3\visualc\sdl\win32\release\sdl_hidapi_gamecube.obj
d:\user data\works\프로그래밍\openlr2\openlr2\openlr2_vs22\skineditor\sdl3\visualc\sdl\win32\release\sdl_hidapi_rumble.obj
d:\user data\works\프로그래밍\openlr2\openlr2\openlr2_vs22\skineditor\sdl3\visualc\sdl\win32\release\s_modf.obj
d:\user data\works\프로그래밍\openlr2\openlr2\openlr2_vs22\skineditor\sdl3\visualc\sdl\win32\release\sdl_syslocale.obj
d:\user data\works\프로그래밍\openlr2\openlr2\openlr2_vs22\skineditor\sdl3\visualc\sdl\win32\release\sdl_render_d3d11.obj
d:\user data\works\프로그래밍\openlr2\openlr2\openlr2_vs22\skineditor\sdl3\visualc\sdl\win32\release\sdl.obj
d:\user data\works\프로그래밍\openlr2\openlr2\openlr2_vs22\skineditor\sdl3\visualc\sdl\win32\release\sdl_memmove.obj
d:\user data\works\프로그래밍\openlr2\openlr2\openlr2_vs22\skineditor\sdl3\visualc\sdl\win32\release\sdl_murmur3.obj
d:\user data\works\프로그래밍\openlr2\openlr2\openlr2_vs22\skineditor\sdl3\visualc\sdl\win32\release\sdl_string.obj
d:\user data\works\프로그래밍\openlr2\openlr2\openlr2_vs22\skineditor\sdl3\visualc\sdl\win32\release\sdl_sysrwlock_srw.obj
d:\user data\works\프로그래밍\openlr2\openlr2\openlr2_vs22\skineditor\sdl3\visualc\sdl\win32\release\sdl_blit_auto.obj
d:\user data\works\프로그래밍\openlr2\openlr2\openlr2_vs22\skineditor\sdl3\visualc\sdl\win32\release\sdl_windowsmouse.obj
d:\user data\works\프로그래밍\openlr2\openlr2\openlr2_vs22\skineditor\sdl3\visualc\sdl\win32\release\yuv_rgb_std.obj
d:\user data\works\프로그래밍\openlr2\openlr2\openlr2_vs22\skineditor\sdl3\visualc\sdl\win32\release\sdl_asyncio_generic.obj
d:\user data\works\프로그래밍\openlr2\openlr2\openlr2_vs22\skineditor\sdl3\visualc\sdl\win32\release\sdl_sysmain_callbacks.obj
d:\user data\works\프로그래밍\openlr2\openlr2\openlr2_vs22\skineditor\sdl3\visualc\sdl\win32\release\sdl_guid.obj
d:\user data\works\프로그래밍\openlr2\openlr2\openlr2_vs22\skineditor\sdl3\visualc\sdl\win32\release\sdl_spinlock.obj
d:\user data\works\프로그래밍\openlr2\openlr2\openlr2_vs22\skineditor\sdl3\visualc\sdl\win32\release\sdl_audiotypecvt.obj
d:\user data\works\프로그래밍\openlr2\openlr2\openlr2_vs22\skineditor\sdl3\visualc\sdl\win32\release\sdl_wasapi.obj
d:\user data\works\프로그래밍\openlr2\openlr2\openlr2_vs22\skineditor\sdl3\visualc\sdl\win32\release\sdl_hidapi_luna.obj
d:\user data\works\프로그래밍\openlr2\openlr2\openlr2_vs22\skineditor\sdl3\visualc\sdl\win32\release\sdl_hidapi_ps5.obj
d:\user data\works\프로그래밍\openlr2\openlr2\openlr2_vs22\skineditor\sdl3\visualc\sdl\win32\release\sdl_hidapi_steam_hori.obj
d:\user data\works\프로그래밍\openlr2\openlr2\openlr2_vs22\skineditor\sdl3\visualc\sdl\win32\release\sdl_hidapi_xboxone.obj
d:\user data\works\프로그래밍\openlr2\openlr2\openlr2_vs22\skineditor\sdl3\visualc\sdl\win32\release\sdl_windows_gaming_input.obj
d:\user data\works\프로그래밍\openlr2\openlr2\openlr2_vs22\skineditor\sdl3\visualc\sdl\win32\release\sdl_sysrwlock.obj
d:\user data\works\프로그래밍\openlr2\openlr2\openlr2_vs22\skineditor\sdl3\visualc\sdl\win32\release\sdl_systimer.obj
d:\user data\works\프로그래밍\openlr2\openlr2\openlr2_vs22\skineditor\sdl3\visualc\sdl\win32\release\sdl_blit.obj
d:\user data\works\프로그래밍\openlr2\openlr2\openlr2_vs22\skineditor\sdl3\visualc\sdl\win32\release\sdl_blit_n.obj
d:\user data\works\프로그래밍\openlr2\openlr2\openlr2_vs22\skineditor\sdl3\visualc\sdl\win32\release\sdl_stb.obj
d:\user data\works\프로그래밍\openlr2\openlr2\openlr2_vs22\skineditor\sdl3\visualc\sdl\win32\release\sdl_windowsgameinput.obj
d:\user data\works\프로그래밍\openlr2\openlr2\openlr2_vs22\skineditor\sdl3\visualc\sdl\win32\release\sdl_windowsvideo.obj
d:\user data\works\프로그래밍\openlr2\openlr2\openlr2_vs22\skineditor\sdl3\visualc\sdl\win32\release\sdl_dialog_utils.obj
d:\user data\works\프로그래밍\openlr2\openlr2\openlr2_vs22\skineditor\sdl3\visualc\sdl\win32\release\sdl_sysmain_runapp.obj
d:\user data\works\프로그래밍\openlr2\openlr2\openlr2_vs22\skineditor\sdl3\visualc\sdl\win32\release\sdl_core_unsupported.obj
d:\user data\works\프로그래밍\openlr2\openlr2\openlr2_vs22\skineditor\sdl3\visualc\sdl\win32\release\sdl_windowsdialog.obj
d:\user data\works\프로그래밍\openlr2\openlr2\openlr2_vs22\skineditor\sdl3\visualc\sdl\win32\release\sdl_hidapi_wii.obj
d:\user data\works\프로그래밍\openlr2\openlr2\openlr2_vs22\skineditor\sdl3\visualc\sdl\win32\release\sdl_steam_virtual_gamepad.obj
d:\user data\works\프로그래밍\openlr2\openlr2\openlr2_vs22\skineditor\sdl3\visualc\sdl\win32\release\sdl_render_d3d12.obj
d:\user data\works\프로그래밍\openlr2\openlr2\openlr2_vs22\skineditor\sdl3\visualc\sdl\win32\release\sdl_error.obj
d:\user data\works\프로그래밍\openlr2\openlr2\openlr2_vs22\skineditor\sdl3\visualc\sdl\win32\release\sdl_properties.obj
d:\user data\works\프로그래밍\openlr2\openlr2\openlr2_vs22\skineditor\sdl3\visualc\sdl\win32\release\sdl_utils.obj
d:\user data\works\프로그래밍\openlr2\openlr2\openlr2_vs22\skineditor\sdl3\visualc\sdl\win32\release\sdl_malloc.obj
d:\user data\works\프로그래밍\openlr2\openlr2\openlr2_vs22\skineditor\sdl3\visualc\sdl\win32\release\sdl_memset.obj
d:\user data\works\프로그래밍\openlr2\openlr2\openlr2_vs22\skineditor\sdl3\visualc\sdl\win32\release\sdl_strtokr.obj
d:\user data\works\프로그래밍\openlr2\openlr2\openlr2_vs22\skineditor\sdl3\visualc\sdl\win32\release\sdl_syscond_cv.obj
d:\user data\works\프로그래밍\openlr2\openlr2\openlr2_vs22\skineditor\sdl3\visualc\sdl\win32\release\sdl_offscreenwindow.obj
d:\user data\works\프로그래밍\openlr2\openlr2\openlr2_vs22\skineditor\sdl3\visualc\sdl\win32\release\sdl_clipboard.obj
d:\user data\works\프로그래밍\openlr2\openlr2\openlr2_vs22\skineditor\sdl3\visualc\sdl\win32\release\sdl_surface_utils.obj
d:\user data\works\프로그래밍\openlr2\openlr2\openlr2_vs22\skineditor\sdl3\visualc\sdl\win32\release\sdl_windowswindow.obj
d:\user data\works\프로그래밍\openlr2\openlr2\openlr2_vs22\skineditor\sdl3\visualc\sdl\win32\release\sdl_filesystem.obj
d:\user data\works\프로그래밍\openlr2\openlr2\openlr2_vs22\skineditor\sdl3\visualc\sdl\win32\release\sdl_runapp.obj
d:\user data\works\프로그래밍\openlr2\openlr2\openlr2_vs22\skineditor\sdl3\visualc\sdl\win32\release\sdl_render_vulkan.obj
d:\user data\works\프로그래밍\openlr2\openlr2\openlr2_vs22\skineditor\sdl3\visualc\sdl\win32\release\sdl_keyboard.obj
d:\user data\works\프로그래밍\openlr2\openlr2\openlr2_vs22\skineditor\sdl3\visualc\sdl\win32\release\sdl_syshaptic.obj
d:\user data\works\프로그래밍\openlr2\openlr2\openlr2_vs22\skineditor\sdl3\visualc\sdl\win32\release\sdl_dinputhaptic.obj
d:\user data\works\프로그래밍\openlr2\openlr2\openlr2_vs22\skineditor\sdl3\visualc\sdl\win32\release\sdl_rawinputjoystick.obj
d:\user data\works\프로그래밍\openlr2\openlr2\openlr2_vs22\skineditor\sdl3\visualc\sdl\win32\release\sdl_systime.obj
d:\user data\works\프로그래밍\openlr2\openlr2\openlr2_vs22\skineditor\sdl3\visualc\sdl\win32\release\sdl_bmp.obj
d:\user data\works\프로그래밍\openlr2\openlr2\openlr2_vs22\skineditor\sdl3\visualc\sdl\win32\release\sdl_stretch.obj
d:\user data\works\프로그래밍\openlr2\openlr2\openlr2_vs22\skineditor\sdl3\visualc\sdl\win32\release\sdl_windowskeyboard.obj
d:\user data\works\프로그래밍\openlr2\openlr2\openlr2_vs22\skineditor\sdl3\visualc\sdl\win32\release\yuv_rgb_lsx.obj
d:\user data\works\프로그래밍\openlr2\openlr2\openlr2_vs22\skineditor\sdl3\visualc\sdl\win32\release\sdl_sysfsops.obj
d:\user data\works\프로그래밍\openlr2\openlr2\openlr2_vs22\skineditor\sdl3\visualc\sdl\win32\release\sdl_atomic.obj
d:\user data\works\프로그래밍\openlr2\openlr2\openlr2_vs22\skineditor\sdl3\visualc\sdl\win32\release\sdl_audiocvt.obj
d:\user data\works\프로그래밍\openlr2\openlr2\openlr2_vs22\skineditor\sdl3\visualc\sdl\win32\release\sdl_audioresample.obj
d:\user data\works\프로그래밍\openlr2\openlr2\openlr2_vs22\skineditor\sdl3\visualc\sdl\win32\release\sdl_hid.obj
d:\user data\works\프로그래밍\openlr2\openlr2\openlr2_vs22\skineditor\sdl3\visualc\sdl\win32\release\sdl_windowshaptic.obj
d:\user data\works\프로그래밍\openlr2\openlr2\openlr2_vs22\skineditor\sdl3\visualc\sdl\win32\release\sdl_hidapi_switch.obj
d:\user data\works\프로그래밍\openlr2\openlr2\openlr2_vs22\skineditor\sdl3\visualc\sdl\win32\release\sdl_windowsjoystick.obj
d:\user data\works\프로그래밍\openlr2\openlr2\openlr2_vs22\skineditor\sdl3\visualc\sdl\win32\release\sdl_shaders_d3d.obj
d:\user data\works\프로그래밍\openlr2\openlr2\openlr2_vs22\skineditor\sdl3\visualc\sdl\win32\release\sdl_blendline.obj
d:\user data\works\프로그래밍\openlr2\openlr2\openlr2_vs22\skineditor\sdl3\visualc\sdl\win32\release\sdl_systhread.obj
d:\user data\works\프로그래밍\openlr2\openlr2\openlr2_vs22\skineditor\sdl3\visualc\sdl\win32\release\sdl_offscreenvideo.obj
d:\user data\works\프로그래밍\openlr2\openlr2\openlr2_vs22\skineditor\sdl3\visualc\sdl\win32\release\sdl_rect.obj
d:\user data\works\프로그래밍\openlr2\openlr2\openlr2_vs22\skineditor\sdl3\visualc\sdl\win32\release\sdl_vulkan_utils.obj
d:\user data\works\프로그래밍\openlr2\openlr2\openlr2_vs22\skineditor\sdl3\visualc\sdl\win32\release\sdl_windowsrawinput.obj
d:\user data\works\프로그래밍\openlr2\openlr2\openlr2_vs22\skineditor\sdl3\visualc\sdl\win32\release\sdl_dynapi.obj
d:\user data\works\프로그래밍\openlr2\openlr2\openlr2_vs22\win32\release\sdl3.dll
d:\user data\works\프로그래밍\openlr2\openlr2\openlr2_vs22\win32\release\sdl3.pdb
d:\user data\works\프로그래밍\openlr2\openlr2\openlr2_vs22\skineditor\sdl3\visualc\sdl\win32\release\version.res
d:\user data\works\프로그래밍\openlr2\openlr2\openlr2_vs22\win32\release\sdl3.lib
d:\user data\works\프로그래밍\openlr2\openlr2\openlr2_vs22\win32\release\sdl3.exp
d:\user data\works\프로그래밍\openlr2\openlr2\openlr2_vs22\skineditor\sdl3\visualc\sdl\win32\release\sdl3.tlog\cl.command.1.tlog
d:\user data\works\프로그래밍\openlr2\openlr2\openlr2_vs22\skineditor\sdl3\visualc\sdl\win32\release\sdl3.tlog\cl.items.tlog
d:\user data\works\프로그래밍\openlr2\openlr2\openlr2_vs22\skineditor\sdl3\visualc\sdl\win32\release\sdl3.tlog\cl.read.1.tlog
d:\user data\works\프로그래밍\openlr2\openlr2\openlr2_vs22\skineditor\sdl3\visualc\sdl\win32\release\sdl3.tlog\cl.write.1.tlog
d:\user data\works\프로그래밍\openlr2\openlr2\openlr2_vs22\skineditor\sdl3\visualc\sdl\win32\release\sdl3.tlog\link.command.1.tlog
d:\user data\works\프로그래밍\openlr2\openlr2\openlr2_vs22\skineditor\sdl3\visualc\sdl\win32\release\sdl3.tlog\link.read.1.tlog
d:\user data\works\프로그래밍\openlr2\openlr2\openlr2_vs22\skineditor\sdl3\visualc\sdl\win32\release\sdl3.tlog\link.secondary.1.tlog
d:\user data\works\프로그래밍\openlr2\openlr2\openlr2_vs22\skineditor\sdl3\visualc\sdl\win32\release\sdl3.tlog\link.write.1.tlog
d:\user data\works\프로그래밍\openlr2\openlr2\openlr2_vs22\skineditor\sdl3\visualc\sdl\win32\release\sdl3.tlog\rc.command.1.tlog
d:\user data\works\프로그래밍\openlr2\openlr2\openlr2_vs22\skineditor\sdl3\visualc\sdl\win32\release\sdl3.tlog\rc.read.1.tlog
d:\user data\works\프로그래밍\openlr2\openlr2\openlr2_vs22\skineditor\sdl3\visualc\sdl\win32\release\sdl3.tlog\rc.write.1.tlog
